C51 COMPILER V9.53.0.0   DELAY_1MS                                                         04/20/2018 11:30:43 PAGE 1   


C51 COMPILER V9.53.0.0, COMPILATION OF MODULE DELAY_1MS
OBJECT MODULE PLACED IN delay_1ms.OBJ
COMPILER INVOKED BY: C:\Keil_v5\C51\BIN\C51.EXE delay_1ms.c OPTIMIZE(8,SPEED) BROWSE DEBUG OBJECTEXTEND TABS(2)

line level    source

   1          void delay_ms(unsigned int time)
   2          {
   3   1        unsigned int i;
   4   1        for(;time>0;time--)
   5   1          for(i=122;i>0;i--);
   6   1      }


MODULE INFORMATION:   STATIC OVERLAYABLE
   CODE SIZE        =     30    ----
   CONSTANT SIZE    =   ----    ----
   XDATA SIZE       =   ----    ----
   PDATA SIZE       =   ----    ----
   DATA SIZE        =   ----    ----
   IDATA SIZE       =   ----    ----
   BIT SIZE         =   ----    ----
END OF MODULE INFORMATION.


C51 COMPILATION COMPLETE.  0 WARNING(S),  0 ERROR(S)
