C51 COMPILER V9.53.0.0   DS1621                                                            04/20/2018 11:41:07 PAGE 1   


C51 COMPILER V9.53.0.0, COMPILATION OF MODULE DS1621
OBJECT MODULE PLACED IN DS1621.OBJ
COMPILER INVOKED BY: C:\Keil_v5\C51\BIN\C51.EXE DS1621.c OPTIMIZE(8,SPEED) BROWSE DEBUG OBJECTEXTEND TABS(2)

line level    source

   1          #include<reg52.h>
   2          #include"types.h"
   3          #include"i2c_h.h"
   4          extern delay_ms(u16);
   5          float readDS1621(void)
   6          {
   7   1        u8 mByte,lByte;
   8   1        float temp=0.0;
   9   1        static s8 i=1,sign;
  10   1        
  11   1        i2cStart();
  12   1        i2cWrite(0x90);
  13   1        i2cAck();
  14   1        i2cWrite(0xee); //command to start conversion
  15   1        i2cAck();
  16   1        i2cStop();
  17   1        
  18   1        if(i==1)
  19   1        {
  20   2          delay_ms(750);
  21   2          i++;
  22   2        }
  23   1      
  24   1        i2cStart();
  25   1        i2cWrite(0x90);
  26   1        i2cAck();
  27   1        i2cWrite(0xaa); //command to read temparature
  28   1        i2cAck();
  29   1        i2cStop();
  30   1        
  31   1        i2cStart();
  32   1        i2cWrite(0x91);
  33   1        i2cAck();
  34   1        mByte=i2cRead(); //read integer part of temparature
  35   1        i2cMasterAck();
  36   1        lByte=i2cRead();//read fraction part of temparature
  37   1        i2cNoAck();
  38   1        i2cStop();
  39   1        
  40   1        i2cStart();
  41   1        i2cWrite(0x90);
  42   1        i2cAck();
  43   1        i2cWrite(0x22); //command to stop conversion
  44   1        i2cAck();
  45   1        i2cStop();
  46   1        
  47   1        sign=1;
  48   1        if((mByte & 0x80) && (lByte==0x80))
  49   1        {
  50   2          mByte=~mByte;
  51   2          sign=-1;
  52   2        }
  53   1        else if((mByte & 0x80) && (lByte!=0x80))
  54   1        {
  55   2          if(mByte!=128)
C51 COMPILER V9.53.0.0   DS1621                                                            04/20/2018 11:41:07 PAGE 2   

  56   2          {
  57   3            mByte=~mByte+1;
  58   3            sign=-1;
  59   3          }
  60   2        }
  61   1        
  62   1        temp=(sign*(mByte+((lByte>>7)*0.5)));
  63   1        return temp;
  64   1      }


MODULE INFORMATION:   STATIC OVERLAYABLE
   CODE SIZE        =    244    ----
   CONSTANT SIZE    =   ----    ----
   XDATA SIZE       =   ----    ----
   PDATA SIZE       =   ----    ----
   DATA SIZE        =      2       6
   IDATA SIZE       =   ----    ----
   BIT SIZE         =   ----    ----
END OF MODULE INFORMATION.


C51 COMPILATION COMPLETE.  0 WARNING(S),  0 ERROR(S)
