C51 COMPILER V9.53.0.0   I2C                                                               04/20/2018 11:40:38 PAGE 1   


C51 COMPILER V9.53.0.0, COMPILATION OF MODULE I2C
OBJECT MODULE PLACED IN i2c.OBJ
COMPILER INVOKED BY: C:\Keil_v5\C51\BIN\C51.EXE i2c.c OPTIMIZE(8,SPEED) BROWSE DEBUG OBJECTEXTEND TABS(2)

line level    source

   1          #include<reg52.h>
   2          #include"i2c_h.h"
   3          sbit SCL=P1^2;
   4          sbit SDA=P1^1;
   5          extern void delay_ms(u16);
   6          void i2cStart(void)
   7          {
   8   1        SCL=1;
   9   1        SDA=1;
  10   1        SDA=0;
  11   1      }
  12          void i2cStop(void)
  13          {
  14   1        SCL=0;
  15   1        SDA=0;
  16   1        SCL=1;
  17   1        SDA=1;
  18   1      }
  19          void i2cWrite(u8 dat)
  20          {
  21   1        u8 i;
  22   1        for(i=0;i<8;i++)
  23   1        {
  24   2          SCL=0;
  25   2          SDA=(dat<<i) & 0x80?1:0;
  26   2          SCL=1;
  27   2        }
  28   1      }
  29          u8 i2cRead(void)
  30          {
  31   1        u8 dat=0,i;
  32   1        for(i=0;i<8;i++)
  33   1        {
  34   2          SCL=0;
  35   2          SCL=1;
  36   2          if(SDA)
  37   2            dat|=0x80>>i;
  38   2        }
  39   1        return dat;
  40   1      }
  41          void i2cAck(void)
  42          {
  43   1        SCL=0;
  44   1        SDA=1;
  45   1        SCL=1;
  46   1        while(SDA);
  47   1      }
  48          void i2cNoAck(void)
  49          {
  50   1        SCL=0;
  51   1        SDA=1;
  52   1        SCL=1;
  53   1      }
  54          void i2cMasterAck(void)
  55          {
C51 COMPILER V9.53.0.0   I2C                                                               04/20/2018 11:40:38 PAGE 2   

  56   1        SCL=0;
  57   1        SDA=0;
  58   1        SCL=1;
  59   1        SCL=0;
  60   1        SDA=1;
  61   1      }


MODULE INFORMATION:   STATIC OVERLAYABLE
   CODE SIZE        =    102    ----
   CONSTANT SIZE    =   ----    ----
   XDATA SIZE       =   ----    ----
   PDATA SIZE       =   ----    ----
   DATA SIZE        =   ----    ----
   IDATA SIZE       =   ----    ----
   BIT SIZE         =   ----    ----
END OF MODULE INFORMATION.


C51 COMPILATION COMPLETE.  0 WARNING(S),  0 ERROR(S)
