C51 COMPILER V9.53.0.0   LCD                                                               04/20/2018 11:31:02 PAGE 1   


C51 COMPILER V9.53.0.0, COMPILATION OF MODULE LCD
OBJECT MODULE PLACED IN lcd.OBJ
COMPILER INVOKED BY: C:\Keil_v5\C51\BIN\C51.EXE lcd.c OPTIMIZE(8,SPEED) BROWSE DEBUG OBJECTEXTEND TABS(2)

line level    source

   1          #include<reg52.h>
   2          #define lcd P0
   3          sbit RS=P2^0;
   4          sbit EN=P2^1;
   5          extern delay_ms(unsigned int);
   6          void LCD_write(char dat)
   7          {
   8   1        lcd=dat;
   9   1        EN=1;
  10   1        delay_ms(2);
  11   1        EN=0;
  12   1      }
  13          void LCD_char(char ch,char t)
  14          {
  15   1        RS=1;
  16   1        if(t==1)
  17   1          delay_ms(25);
  18   1        LCD_write(ch);
  19   1      }
  20          void LCD_cmd(char cmd)
  21          {
  22   1        RS=0;
  23   1        LCD_write(cmd);
  24   1      }
  25          void LCD_str(char *p,char t)
  26          {
  27   1        while(*p)
  28   1          LCD_char(*p++,t);
  29   1      }
  30          void LCD_init(void)
  31          {
  32   1        LCD_cmd(0x38);
  33   1        LCD_cmd(0x06);
  34   1        LCD_cmd(0x0c);
  35   1      }


MODULE INFORMATION:   STATIC OVERLAYABLE
   CODE SIZE        =     94    ----
   CONSTANT SIZE    =   ----    ----
   XDATA SIZE       =   ----    ----
   PDATA SIZE       =   ----    ----
   DATA SIZE        =   ----       5
   IDATA SIZE       =   ----    ----
   BIT SIZE         =   ----    ----
END OF MODULE INFORMATION.


C51 COMPILATION COMPLETE.  0 WARNING(S),  0 ERROR(S)
