C51 COMPILER V9.53.0.0   SERIAL_COM                                                        04/20/2018 11:30:44 PAGE 1   


C51 COMPILER V9.53.0.0, COMPILATION OF MODULE SERIAL_COM
OBJECT MODULE PLACED IN serial_com.OBJ
COMPILER INVOKED BY: C:\Keil_v5\C51\BIN\C51.EXE serial_com.c OPTIMIZE(8,SPEED) BROWSE DEBUG OBJECTEXTEND TABS(2)

line level    source

   1          #include<reg52.h>
   2          extern delay_ms(unsigned int);
   3          void Serial_init()
   4          {
   5   1        SCON=0x50;
   6   1        TMOD=0x20;
   7   1        TH1=0xFD;
   8   1        RI=0;
   9   1        TI=0;
  10   1        TR1=1;
  11   1      }
  12          void Serial_Tx(char ch)
  13          {
  14   1        TI=0;
  15   1        SBUF=ch;
  16   1        while(TI==0);
  17   1        TI=0;
  18   1      }
  19          void Serial_Tx_str(char *p)
  20          {
  21   1        while(*p)
  22   1        {
  23   2          Serial_Tx(*p++);
  24   2        }
  25   1      }
  26          char Serial_Rx()
  27          {
  28   1        char ch;
  29   1        RI=0;
  30   1        while(RI==0);
  31   1        ch=SBUF;
  32   1        RI=0;
  33   1        return ch;
  34   1      }
  35          void message( void )
  36          {
  37   1        Serial_Tx_str("AT+CMGF=1");
  38   1        delay_ms(50);
  39   1        Serial_Tx_str("AT+CMGS=\"+919581031137\"");
  40   1        delay_ms(50);
  41   1      }


MODULE INFORMATION:   STATIC OVERLAYABLE
   CODE SIZE        =    105    ----
   CONSTANT SIZE    =     34    ----
   XDATA SIZE       =   ----    ----
   PDATA SIZE       =   ----    ----
   DATA SIZE        =   ----       3
   IDATA SIZE       =   ----    ----
   BIT SIZE         =   ----    ----
END OF MODULE INFORMATION.


C51 COMPILATION COMPLETE.  0 WARNING(S),  0 ERROR(S)
